# JRE version: Java(TM) SE Runtime Environment (8.0_162-b12) (build 1.8.0_162-b12)
# Java VM: Java HotSpot(TM) 64-Bit Server VM (25.162-b12 mixed mode windows-amd64 compressed oops)
Heap:
 PSYoungGen      total 730624K, used 250608K [0x000000076b600000, 0x00000007a8800000, 0x00000007c0000000)
  eden space 665088K, 30% used [0x000000076b600000,0x0000000777de5130,0x0000000793f80000)
  from space 65536K, 70% used [0x0000000793f80000,0x0000000796c56fa8,0x0000000797f80000)
  to   space 68096K, 24% used [0x00000007a4580000,0x00000007a55c22d0,0x00000007a8800000)
 ParOldGen       total 271872K, used 132994K [0x00000006c2200000, 0x00000006d2b80000, 0x000000076b600000)
  object space 271872K, 48% used [0x00000006c2200000,0x00000006ca3e0bb0,0x00000006d2b80000)
 Metaspace       used 37552K, capacity 38790K, committed 38872K, reserved 1083392K
  class space    used 4204K, capacity 4541K, committed 4568K, reserved 1048576K
GC Heap History (10 events):
Event: 7.812 GC heap after
Heap after GC invocations=11 (full 1):
 PSYoungGen      total 557568K, used 51707K [0x000000076b600000, 0x000000079c380000, 0x00000007c0000000)
  eden space 505856K, 0% used [0x000000076b600000,0x000000076b600000,0x000000078a400000)
  from space 51712K, 99% used [0x000000078e900000,0x0000000791b7ec98,0x0000000791b80000)
  to   space 70656K, 0% used [0x000000078a400000,0x000000078a400000,0x000000078e900000)
 ParOldGen       total 153600K, used 114056K [0x00000006c2200000, 0x00000006cb800000, 0x000000076b600000)
  object space 153600K, 74% used [0x00000006c2200000,0x00000006c91620a8,0x00000006cb800000)
 Metaspace       used 32927K, capacity 33950K, committed 34304K, reserved 1079296K
  class space    used 3732K, capacity 4002K, committed 4096K, reserved 1048576K
}
Event: 8.834 GC heap before
{Heap before GC invocations=12 (full 1):
 PSYoungGen      total 557568K, used 304712K [0x000000076b600000, 0x000000079c380000, 0x00000007c0000000)
  eden space 505856K, 50% used [0x000000076b600000,0x000000077ad13370,0x000000078a400000)
  from space 51712K, 99% used [0x000000078e900000,0x0000000791b7ec98,0x0000000791b80000)
  to   space 70656K, 0% used [0x000000078a400000,0x000000078a400000,0x000000078e900000)
 ParOldGen       total 153600K, used 114056K [0x00000006c2200000, 0x00000006cb800000, 0x000000076b600000)
  object space 153600K, 74% used [0x00000006c2200000,0x00000006c91620a8,0x00000006cb800000)
 Metaspace       used 34290K, capacity 35286K, committed 35416K, reserved 1081344K
  class space    used 3833K, capacity 4106K, committed 4184K, reserved 1048576K
Event: 8.865 GC heap after
Heap after GC invocations=12 (full 1):
 PSYoungGen      total 576512K, used 17751K [0x000000076b600000, 0x000000079c500000, 0x00000007c0000000)
  eden space 505856K, 0% used [0x000000076b600000,0x000000076b600000,0x000000078a400000)
  from space 70656K, 25% used [0x000000078a400000,0x000000078b555e40,0x000000078e900000)
  to   space 69120K, 0% used [0x0000000798180000,0x0000000798180000,0x000000079c500000)
 ParOldGen       total 164864K, used 164493K [0x00000006c2200000, 0x00000006cc300000, 0x000000076b600000)
  object space 164864K, 99% used [0x00000006c2200000,0x00000006cc2a3698,0x00000006cc300000)
 Metaspace       used 34290K, capacity 35286K, committed 35416K, reserved 1081344K
  class space    used 3833K, capacity 4106K, committed 4184K, reserved 1048576K
}
Event: 8.865 GC heap before
{Heap before GC invocations=13 (full 2):
 PSYoungGen      total 576512K, used 17751K [0x000000076b600000, 0x000000079c500000, 0x00000007c0000000)
  eden space 505856K, 0% used [0x000000076b600000,0x000000076b600000,0x000000078a400000)
  from space 70656K, 25% used [0x000000078a400000,0x000000078b555e40,0x000000078e900000)
  to   space 69120K, 0% used [0x0000000798180000,0x0000000798180000,0x000000079c500000)
 ParOldGen       total 164864K, used 164493K [0x00000006c2200000, 0x00000006cc300000, 0x000000076b600000)
  object space 164864K, 99% used [0x00000006c2200000,0x00000006cc2a3698,0x00000006cc300000)
 Metaspace       used 34290K, capacity 35286K, committed 35416K, reserved 1081344K
  class space    used 3833K, capacity 4106K, committed 4184K, reserved 1048576K
Event: 8.971 GC heap after
Heap after GC invocations=13 (full 2):
 PSYoungGen      total 576512K, used 0K [0x000000076b600000, 0x000000079c500000, 0x00000007c0000000)
  eden space 505856K, 0% used [0x000000076b600000,0x000000076b600000,0x000000078a400000)
  from space 70656K, 0% used [0x000000078a400000,0x000000078a400000,0x000000078e900000)
  to   space 69120K, 0% used [0x0000000798180000,0x0000000798180000,0x000000079c500000)
 ParOldGen       total 271872K, used 97426K [0x00000006c2200000, 0x00000006d2b80000, 0x000000076b600000)
  object space 271872K, 35% used [0x00000006c2200000,0x00000006c81249e0,0x00000006d2b80000)
 Metaspace       used 29775K, capacity 30502K, committed 35416K, reserved 1081344K
  class space    used 3298K, capacity 3515K, committed 4184K, reserved 1048576K
}
Event: 11.112 GC heap before
{Heap before GC invocations=14 (full 2):
 PSYoungGen      total 576512K, used 505856K [0x000000076b600000, 0x000000079c500000, 0x00000007c0000000)
  eden space 505856K, 100% used [0x000000076b600000,0x000000078a400000,0x000000078a400000)
  from space 70656K, 0% used [0x000000078a400000,0x000000078a400000,0x000000078e900000)
  to   space 69120K, 0% used [0x0000000798180000,0x0000000798180000,0x000000079c500000)
 ParOldGen       total 271872K, used 97426K [0x00000006c2200000, 0x00000006d2b80000, 0x000000076b600000)
  object space 271872K, 35% used [0x00000006c2200000,0x00000006c81249e0,0x00000006d2b80000)
 Metaspace       used 33485K, capacity 34646K, committed 35800K, reserved 1081344K
  class space    used 3757K, capacity 4058K, committed 4312K, reserved 1048576K
Event: 11.130 GC heap after
Heap after GC invocations=14 (full 2):
 PSYoungGen      total 728576K, used 25725K [0x000000076b600000, 0x000000079bf80000, 0x00000007c0000000)
  eden space 665088K, 0% used [0x000000076b600000,0x000000076b600000,0x0000000793f80000)
  from space 63488K, 40% used [0x0000000798180000,0x0000000799a9f640,0x000000079bf80000)
  to   space 65536K, 0% used [0x0000000793f80000,0x0000000793f80000,0x0000000797f80000)
 ParOldGen       total 271872K, used 97434K [0x00000006c2200000, 0x00000006d2b80000, 0x000000076b600000)
  object space 271872K, 35% used [0x00000006c2200000,0x00000006c81269e0,0x00000006d2b80000)
 Metaspace       used 33485K, capacity 34646K, committed 35800K, reserved 1081344K
  class space    used 3757K, capacity 4058K, committed 4312K, reserved 1048576K
}
Event: 13.666 GC heap before
{Heap before GC invocations=15 (full 2):
 PSYoungGen      total 728576K, used 690813K [0x000000076b600000, 0x000000079bf80000, 0x00000007c0000000)
  eden space 665088K, 100% used [0x000000076b600000,0x0000000793f80000,0x0000000793f80000)
  from space 63488K, 40% used [0x0000000798180000,0x0000000799a9f640,0x000000079bf80000)
  to   space 65536K, 0% used [0x0000000793f80000,0x0000000793f80000,0x0000000797f80000)
 ParOldGen       total 271872K, used 97434K [0x00000006c2200000, 0x00000006d2b80000, 0x000000076b600000)
  object space 271872K, 35% used [0x00000006c2200000,0x00000006c81269e0,0x00000006d2b80000)
 Metaspace       used 37334K, capacity 38662K, committed 38872K, reserved 1083392K
  class space    used 4195K, capacity 4541K, committed 4568K, reserved 1048576K
Event: 13.708 GC heap after
Heap after GC invocations=15 (full 2):
 PSYoungGen      total 730624K, used 45915K [0x000000076b600000, 0x00000007a8800000, 0x00000007c0000000)
  eden space 665088K, 0% used [0x000000076b600000,0x000000076b600000,0x0000000793f80000)
  from space 65536K, 70% used [0x0000000793f80000,0x0000000796c56fa8,0x0000000797f80000)
  to   space 68096K, 0% used [0x00000007a4580000,0x00000007a4580000,0x00000007a8800000)
 ParOldGen       total 271872K, used 102705K [0x00000006c2200000, 0x00000006d2b80000, 0x000000076b600000)
  object space 271872K, 37% used [0x00000006c2200000,0x00000006c864c4f8,0x00000006d2b80000)
 Metaspace       used 37334K, capacity 38662K, committed 38872K, reserved 1083392K
  class space    used 4195K, capacity 4541K, committed 4568K, reserved 1048576K
}
Event: 14.284 GC heap before
{Heap before GC invocations=16 (full 2):
 PSYoungGen      total 730624K, used 250608K [0x000000076b600000, 0x00000007a8800000, 0x00000007c0000000)
  eden space 665088K, 30% used [0x000000076b600000,0x0000000777de5130,0x0000000793f80000)
  from space 65536K, 70% used [0x0000000793f80000,0x0000000796c56fa8,0x0000000797f80000)
  to   space 68096K, 0% used [0x00000007a4580000,0x00000007a4580000,0x00000007a8800000)
 ParOldGen       total 271872K, used 102705K [0x00000006c2200000, 0x00000006d2b80000, 0x000000076b600000)
  object space 271872K, 37% used [0x00000006c2200000,0x00000006c864c4f8,0x00000006d2b80000)
 Metaspace       used 37552K, capacity 38790K, committed 38872K, reserved 1083392K
  class space    used 4204K, capacity 4541K, committed 4568K, reserved 1048576K

